Performing C SOURCE FILE Test CMAKE_HAVE_LIBC_PTHREAD failed with the following output:
Change Dir: /home/vaba/Desktop/MY_EVERYTHING/CPP_OpenCV_Playground/cpp03/build/CMakeFiles/CMakeTmp

Run Build Command(s):/usr/bin/make cmTC_c6c5b/fast && /usr/bin/make -f CMakeFiles/cmTC_c6c5b.dir/build.make CMakeFiles/cmTC_c6c5b.dir/build
make[1]: Entering directory '/home/vaba/Desktop/MY_EVERYTHING/CPP_OpenCV_Playground/cpp03/build/CMakeFiles/CMakeTmp'
Building C object CMakeFiles/cmTC_c6c5b.dir/src.c.o
/usr/bin/clang-9   -DCMAKE_HAVE_LIBC_PTHREAD   -o CMakeFiles/cmTC_c6c5b.dir/src.c.o   -c /home/vaba/Desktop/MY_EVERYTHING/CPP_OpenCV_Playground/cpp03/build/CMakeFiles/CMakeTmp/src.c
Linking C executable cmTC_c6c5b
/usr/bin/cmake -E cmake_link_script CMakeFiles/cmTC_c6c5b.dir/link.txt --verbose=1
/usr/bin/clang-9  -DCMAKE_HAVE_LIBC_PTHREAD    -rdynamic CMakeFiles/cmTC_c6c5b.dir/src.c.o  -o cmTC_c6c5b 
/usr/bin/ld: CMakeFiles/cmTC_c6c5b.dir/src.c.o: in function `main':
src.c:(.text+0x32): undefined reference to `pthread_create'
/usr/bin/ld: src.c:(.text+0x3e): undefined reference to `pthread_detach'
/usr/bin/ld: src.c:(.text+0x50): undefined reference to `pthread_join'
clang-9: error: linker command failed with exit code 1 (use -v to see invocation)
make[1]: *** [CMakeFiles/cmTC_c6c5b.dir/build.make:87: cmTC_c6c5b] Error 1
make[1]: Leaving directory '/home/vaba/Desktop/MY_EVERYTHING/CPP_OpenCV_Playground/cpp03/build/CMakeFiles/CMakeTmp'
make: *** [Makefile:121: cmTC_c6c5b/fast] Error 2


Source file was:
#include <pthread.h>

void* test_func(void* data)
{
  return data;
}

int main(void)
{
  pthread_t thread;
  pthread_create(&thread, NULL, test_func, NULL);
  pthread_detach(thread);
  pthread_join(thread, NULL);
  pthread_atfork(NULL, NULL, NULL);
  pthread_exit(NULL);

  return 0;
}

